\BOOKMARK [1][-]{section.1}{Introduction}{}% 1
\BOOKMARK [1][-]{section.2}{Related Work}{}% 2
\BOOKMARK [1][-]{section.3}{Overview}{}% 3
\BOOKMARK [1][-]{section.4}{Video Prediction for Control}{}% 4
\BOOKMARK [1][-]{section.5}{Planning Cost Functions}{}% 5
\BOOKMARK [2][-]{subsection.5.1}{Pixel-Distance based Cost}{section.5}% 6
\BOOKMARK [2][-]{subsection.5.2}{Registration-Based Cost}{section.5}% 7
\BOOKMARK [2][-]{subsection.5.3}{Classifier-Based Cost Functions}{section.5}% 8
\BOOKMARK [2][-]{subsection.5.4}{When to use which Cost Function?}{section.5}% 9
\BOOKMARK [1][-]{section.6}{Trajectory Optimizer}{}% 10
\BOOKMARK [1][-]{section.7}{System Design}{}% 11
\BOOKMARK [1][-]{section.8}{Experimental Evaluation}{}% 12
\BOOKMARK [2][-]{subsection.8.1}{Evaluating Skip-connection Neural Advection}{section.8}% 13
\BOOKMARK [2][-]{subsection.8.2}{Evaluating Closed-Loop Visual MPC}{section.8}% 14
\BOOKMARK [3][-]{subsubsection.8.2.1}{Pushing with Retrying}{subsection.8.2}% 15
\BOOKMARK [3][-]{subsubsection.8.2.2}{Combined Prehensile and Non-Prehensile Manipulation.}{subsection.8.2}% 16
\BOOKMARK [2][-]{subsection.8.3}{Evaluating Classifier-based Cost Function}{section.8}% 17
\BOOKMARK [2][-]{subsection.8.4}{Learning Cloth-Folding with Visual-MPC}{section.8}% 18
\BOOKMARK [1][-]{section.9}{Discussion}{}% 19
\BOOKMARK [1][-]{section.10}{Discussion and Future Work}{}% 20
\BOOKMARK [1][-]{section*.23}{References}{}% 21
\BOOKMARK [1][-]{IEEEbiography.0}{Biographies}{}% 22
\BOOKMARK [2][-]{IEEEbiography.1}{Michael Shell}{IEEEbiography.0}% 23
\BOOKMARK [2][-]{IEEEbiography.2}{John Doe}{IEEEbiography.0}% 24
\BOOKMARK [2][-]{IEEEbiography.3}{Jane Doe}{IEEEbiography.0}% 25
\BOOKMARK [1][-]{section*.24}{Appendix A: Simulated Experiments}{}% 26
\BOOKMARK [2][-]{subsubsection.Appendix.A.0.1}{Simulated Experiments}{section*.24}% 27
