This is pdfTeX, Version 3.14159265-2.6-1.40.16 (TeX Live 2015/Debian) (preloaded format=pdflatex 2018.1.21)  29 NOV 2018 11:49
entering extended mode
 restricted \write18 enabled.
 %&-line parsing enabled.
**main.tex
(./main.tex
LaTeX2e <2016/02/01>
Babel <3.9q> and hyphenation patterns for 81 language(s) loaded.
(./IEEEtran.cls
Document Class: IEEEtran 2015/08/26 V1.8b by Michael Shell
-- See the "IEEEtran_HOWTO" manual for usage information.
-- http://www.michaelshell.org/tex/ieeetran/
\@IEEEtrantmpdimenA=\dimen102
\@IEEEtrantmpdimenB=\dimen103
\@IEEEtrantmpdimenC=\dimen104
\@IEEEtrantmpcountA=\count79
\@IEEEtrantmpcountB=\count80
\@IEEEtrantmpcountC=\count81
\@IEEEtrantmptoksA=\toks14
LaTeX Font Info:    Try loading font information for OT1+ppl on input line 503.

(/usr/share/texlive/texmf-dist/tex/latex/psnfss/ot1ppl.fd
File: ot1ppl.fd 2001/06/04 font definitions for OT1/ppl.
)
-- Using IEEE Computer Society mode.
-- Using 8.5in x 11in (letter) paper.
-- Using PDF output.
\@IEEEnormalsizeunitybaselineskip=\dimen105
-- This is a 10 point document.
\CLASSINFOnormalsizebaselineskip=\dimen106
\CLASSINFOnormalsizeunitybaselineskip=\dimen107
\IEEEnormaljot=\dimen108
LaTeX Font Info:    Font shape `OT1/ppl/bx/n' in size <5.01874> not available
(Font)              Font shape `OT1/ppl/b/n' tried instead on input line 1090.
LaTeX Font Info:    Font shape `OT1/ppl/bx/it' in size <5.01874> not available
(Font)              Font shape `OT1/ppl/b/it' tried instead on input line 1090.

LaTeX Font Info:    Font shape `OT1/ppl/bx/n' in size <7.02625> not available
(Font)              Font shape `OT1/ppl/b/n' tried instead on input line 1090.
LaTeX Font Info:    Font shape `OT1/ppl/bx/it' in size <7.02625> not available
(Font)              Font shape `OT1/ppl/b/it' tried instead on input line 1090.

LaTeX Font Info:    Font shape `OT1/ppl/bx/n' in size <8.03> not available
(Font)              Font shape `OT1/ppl/b/n' tried instead on input line 1090.
LaTeX Font Info:    Font shape `OT1/ppl/bx/it' in size <8.03> not available
(Font)              Font shape `OT1/ppl/b/it' tried instead on input line 1090.

LaTeX Font Info:    Font shape `OT1/ppl/bx/n' in size <9.03374> not available
(Font)              Font shape `OT1/ppl/b/n' tried instead on input line 1090.
LaTeX Font Info:    Font shape `OT1/ppl/bx/it' in size <9.03374> not available
(Font)              Font shape `OT1/ppl/b/it' tried instead on input line 1090.

LaTeX Font Info:    Font shape `OT1/ppl/bx/n' in size <9.53561> not available
(Font)              Font shape `OT1/ppl/b/n' tried instead on input line 1090.
LaTeX Font Info:    Font shape `OT1/ppl/bx/it' in size <9.53561> not available
(Font)              Font shape `OT1/ppl/b/it' tried instead on input line 1090.

LaTeX Font Info:    Font shape `OT1/ppl/bx/n' in size <11.04124> not available
(Font)              Font shape `OT1/ppl/b/n' tried instead on input line 1090.
LaTeX Font Info:    Font shape `OT1/ppl/bx/it' in size <11.04124> not available

(Font)              Font shape `OT1/ppl/b/it' tried instead on input line 1090.

LaTeX Font Info:    Font shape `OT1/ppl/bx/n' in size <12.045> not available
(Font)              Font shape `OT1/ppl/b/n' tried instead on input line 1090.
LaTeX Font Info:    Font shape `OT1/ppl/bx/it' in size <12.045> not available
(Font)              Font shape `OT1/ppl/b/it' tried instead on input line 1090.

LaTeX Font Info:    Font shape `OT1/ppl/bx/n' in size <17.06374> not available
(Font)              Font shape `OT1/ppl/b/n' tried instead on input line 1090.
LaTeX Font Info:    Font shape `OT1/ppl/bx/it' in size <17.06374> not available

(Font)              Font shape `OT1/ppl/b/it' tried instead on input line 1090.

LaTeX Font Info:    Font shape `OT1/ppl/bx/n' in size <20.075> not available
(Font)              Font shape `OT1/ppl/b/n' tried instead on input line 1090.
LaTeX Font Info:    Font shape `OT1/ppl/bx/it' in size <20.075> not available
(Font)              Font shape `OT1/ppl/b/it' tried instead on input line 1090.

LaTeX Font Info:    Font shape `OT1/ppl/bx/n' in size <24.09> not available
(Font)              Font shape `OT1/ppl/b/n' tried instead on input line 1090.
LaTeX Font Info:    Font shape `OT1/ppl/bx/it' in size <24.09> not available
(Font)              Font shape `OT1/ppl/b/it' tried instead on input line 1090.

\IEEEquantizedlength=\dimen109
\IEEEquantizedlengthdiff=\dimen110
\IEEEquantizedtextheightdiff=\dimen111
\IEEEilabelindentA=\dimen112
\IEEEilabelindentB=\dimen113
\IEEEilabelindent=\dimen114
\IEEEelabelindent=\dimen115
\IEEEdlabelindent=\dimen116
\IEEElabelindent=\dimen117
\IEEEiednormlabelsep=\dimen118
\IEEEiedmathlabelsep=\dimen119
\IEEEiedtopsep=\skip41
\c@section=\count82
\c@subsection=\count83
\c@subsubsection=\count84
\c@paragraph=\count85
\c@IEEEsubequation=\count86
\abovecaptionskip=\skip42
\belowcaptionskip=\skip43
\c@figure=\count87
\c@table=\count88
\@IEEEeqnnumcols=\count89
\@IEEEeqncolcnt=\count90
\@IEEEsubeqnnumrollback=\count91
\@IEEEquantizeheightA=\dimen120
\@IEEEquantizeheightB=\dimen121
\@IEEEquantizeheightC=\dimen122
\@IEEEquantizeprevdepth=\dimen123
\@IEEEquantizemultiple=\count92
\@IEEEquantizeboxA=\box26
\@IEEEtmpitemindent=\dimen124
\IEEEPARstartletwidth=\dimen125
\c@IEEEbiography=\count93
\@IEEEtranrubishbin=\box27
) (/usr/share/texlive/texmf-dist/tex/latex/graphics/color.sty
Package: color 2016/01/03 v1.1b Standard LaTeX Color (DPC)

(/usr/share/texlive/texmf-dist/tex/latex/latexconfig/color.cfg
File: color.cfg 2007/01/18 v1.5 color configuration of teTeX/TeXLive
)
Package color Info: Driver file: pdftex.def on input line 143.

(/usr/share/texlive/texmf-dist/tex/latex/pdftex-def/pdftex.def
File: pdftex.def 2011/05/27 v0.06d Graphics/color for pdfTeX

(/usr/share/texlive/texmf-dist/tex/generic/oberdiek/infwarerr.sty
Package: infwarerr 2010/04/08 v1.3 Providing info/warning/error messages (HO)
)
(/usr/share/texlive/texmf-dist/tex/generic/oberdiek/ltxcmds.sty
Package: ltxcmds 2011/11/09 v1.22 LaTeX kernel commands for general use (HO)
)
\Gread@gobject=\count94
))
(/usr/share/texlive/texmf-dist/tex/generic/babel/babel.sty
Package: babel 2016/02/24 3.9q The Babel package

(/usr/share/texlive/texmf-dist/tex/generic/babel-english/english.ldf
Language: english 2012/08/20 v3.3p English support from the babel system

(/usr/share/texlive/texmf-dist/tex/generic/babel/babel.def
File: babel.def 2016/02/24 3.9q Babel common definitions
\babel@savecnt=\count95
\U@D=\dimen126
)
\l@canadian = a dialect from \language\l@american 
\l@australian = a dialect from \language\l@british 
\l@newzealand = a dialect from \language\l@british 
))
(/usr/share/texlive/texmf-dist/tex/latex/graphics/graphicx.sty
Package: graphicx 2014/10/28 v1.0g Enhanced LaTeX Graphics (DPC,SPQR)

(/usr/share/texlive/texmf-dist/tex/latex/graphics/keyval.sty
Package: keyval 2014/10/28 v1.15 key=value parser (DPC)
\KV@toks@=\toks15
)
(/usr/share/texlive/texmf-dist/tex/latex/graphics/graphics.sty
Package: graphics 2016/01/03 v1.0q Standard LaTeX Graphics (DPC,SPQR)

(/usr/share/texlive/texmf-dist/tex/latex/graphics/trig.sty
Package: trig 2016/01/03 v1.10 sin cos tan (DPC)
)
(/usr/share/texlive/texmf-dist/tex/latex/latexconfig/graphics.cfg
File: graphics.cfg 2010/04/23 v1.9 graphics configuration of TeX Live
)
Package graphics Info: Driver file: pdftex.def on input line 95.
)
\Gin@req@height=\dimen127
\Gin@req@width=\dimen128
)
(/usr/share/texlive/texmf-dist/tex/latex/caption/caption.sty
Package: caption 2016/02/21 v3.3-144 Customizing captions (AR)

(/usr/share/texlive/texmf-dist/tex/latex/caption/caption3.sty
Package: caption3 2016/02/04 v1.7-139 caption3 kernel (AR)
Package caption3 Info: TeX engine: e-TeX on input line 67.
\captionmargin=\dimen129
\captionmargin@=\dimen130
\captionwidth=\dimen131
\caption@tempdima=\dimen132
\caption@indent=\dimen133
\caption@parindent=\dimen134
\caption@hangindent=\dimen135
Package caption Info: Unknown document class (or package),
(caption)             standard defaults will be used.
)

Package caption Warning: Unsupported document class (or package) detected,
(caption)                usage of the caption package is not recommended.
See the caption package documentation for explanation.

Package caption Info: \@makecaption = \long macro:#1#2->\ifx \@captype \@IEEEta
blestring \footnotesize \bgroup \par \centering \@IEEEtabletopskipstrut {\norma
lfont \sffamily \footnotesize #1}\\{\normalfont \sffamily \footnotesize #2}\par
 \addvspace {0.5\baselineskip }\egroup \@IEEEtablecaptionsepspace \else \@IEEEf
igurecaptionsepspace \setbox \@tempboxa \hbox {\normalfont \sffamily \footnotes
ize {#1.}\nobreakspace #2}\ifdim \wd \@tempboxa >\hsize \setbox \@tempboxa \hbo
x {\normalfont \sffamily \footnotesize {#1.}\nobreakspace }\parbox [t]{\hsize }
{\normalfont \sffamily \footnotesize \noindent \unhbox \@tempboxa #2}\else \hbo
x to\hsize {\normalfont \sffamily \footnotesize \box \@tempboxa \hfil }\fi \fi 
.
\c@ContinuedFloat=\count96
) (/usr/share/texlive/texmf-dist/tex/latex/caption/subcaption.sty
Package: subcaption 2016/02/20 v1.1-142 Sub-captions (AR)
\c@subfigure=\count97
\c@subtable=\count98
)
(/usr/share/texlive/texmf-dist/tex/latex/wrapfig/wrapfig.sty
\wrapoverhang=\dimen136
\WF@size=\dimen137
\c@WF@wrappedlines=\count99
\WF@box=\box28
\WF@everypar=\toks16
Package: wrapfig 2003/01/31  v 3.6
)
(/usr/share/texlive/texmf-dist/tex/latex/hyperref/hyperref.sty
Package: hyperref 2012/11/06 v6.83m Hypertext links for LaTeX

(/usr/share/texlive/texmf-dist/tex/generic/oberdiek/hobsub-hyperref.sty
Package: hobsub-hyperref 2012/05/28 v1.13 Bundle oberdiek, subset hyperref (HO)


(/usr/share/texlive/texmf-dist/tex/generic/oberdiek/hobsub-generic.sty
Package: hobsub-generic 2012/05/28 v1.13 Bundle oberdiek, subset generic (HO)
Package: hobsub 2012/05/28 v1.13 Construct package bundles (HO)
Package hobsub Info: Skipping package `infwarerr' (already loaded).
Package hobsub Info: Skipping package `ltxcmds' (already loaded).
Package: ifluatex 2010/03/01 v1.3 Provides the ifluatex switch (HO)
Package ifluatex Info: LuaTeX not detected.
Package: ifvtex 2010/03/01 v1.5 Detect VTeX and its facilities (HO)
Package ifvtex Info: VTeX not detected.
Package: intcalc 2007/09/27 v1.1 Expandable calculations with integers (HO)
Package: ifpdf 2011/01/30 v2.3 Provides the ifpdf switch (HO)
Package ifpdf Info: pdfTeX in PDF mode is detected.
Package: etexcmds 2011/02/16 v1.5 Avoid name clashes with e-TeX commands (HO)
Package etexcmds Info: Could not find \expanded.
(etexcmds)             That can mean that you are not using pdfTeX 1.50 or
(etexcmds)             that some package has redefined \expanded.
(etexcmds)             In the latter case, load this package earlier.
Package: kvsetkeys 2012/04/25 v1.16 Key value parser (HO)
Package: kvdefinekeys 2011/04/07 v1.3 Define keys (HO)
Package: pdftexcmds 2011/11/29 v0.20 Utility functions of pdfTeX for LuaTeX (HO
)
Package pdftexcmds Info: LuaTeX not detected.
Package pdftexcmds Info: \pdf@primitive is available.
Package pdftexcmds Info: \pdf@ifprimitive is available.
Package pdftexcmds Info: \pdfdraftmode found.
Package: pdfescape 2011/11/25 v1.13 Implements pdfTeX's escape features (HO)
Package: bigintcalc 2012/04/08 v1.3 Expandable calculations on big integers (HO
)
Package: bitset 2011/01/30 v1.1 Handle bit-vector datatype (HO)
Package: uniquecounter 2011/01/30 v1.2 Provide unlimited unique counter (HO)
)
Package hobsub Info: Skipping package `hobsub' (already loaded).
Package: letltxmacro 2010/09/02 v1.4 Let assignment for LaTeX macros (HO)
Package: hopatch 2012/05/28 v1.2 Wrapper for package hooks (HO)
Package: xcolor-patch 2011/01/30 xcolor patch
Package: atveryend 2011/06/30 v1.8 Hooks at the very end of document (HO)
Package atveryend Info: \enddocument detected (standard20110627).
Package: atbegshi 2011/10/05 v1.16 At begin shipout hook (HO)
Package: refcount 2011/10/16 v3.4 Data extraction from label references (HO)
Package: hycolor 2011/01/30 v1.7 Color options for hyperref/bookmark (HO)
)
(/usr/share/texlive/texmf-dist/tex/generic/ifxetex/ifxetex.sty
Package: ifxetex 2010/09/12 v0.6 Provides ifxetex conditional
)
(/usr/share/texlive/texmf-dist/tex/latex/oberdiek/auxhook.sty
Package: auxhook 2011/03/04 v1.3 Hooks for auxiliary files (HO)
)
(/usr/share/texlive/texmf-dist/tex/latex/oberdiek/kvoptions.sty
Package: kvoptions 2011/06/30 v3.11 Key value format for package options (HO)
)
\@linkdim=\dimen138
\Hy@linkcounter=\count100
\Hy@pagecounter=\count101

(/usr/share/texlive/texmf-dist/tex/latex/hyperref/pd1enc.def
File: pd1enc.def 2012/11/06 v6.83m Hyperref: PDFDocEncoding definition (HO)
)
\Hy@SavedSpaceFactor=\count102

(/usr/share/texlive/texmf-dist/tex/latex/latexconfig/hyperref.cfg
File: hyperref.cfg 2002/06/06 v1.2 hyperref configuration of TeXLive
)
Package hyperref Info: Hyper figures OFF on input line 4443.
Package hyperref Info: Link nesting OFF on input line 4448.
Package hyperref Info: Hyper index ON on input line 4451.
Package hyperref Info: Plain pages OFF on input line 4458.
Package hyperref Info: Backreferencing OFF on input line 4463.
Package hyperref Info: Implicit mode ON; LaTeX internals redefined.
Package hyperref Info: Bookmarks ON on input line 4688.
\c@Hy@tempcnt=\count103

(/usr/share/texlive/texmf-dist/tex/latex/url/url.sty
\Urlmuskip=\muskip10
Package: url 2013/09/16  ver 3.4  Verb mode for urls, etc.
)
LaTeX Info: Redefining \url on input line 5041.
\XeTeXLinkMargin=\dimen139
\Fld@menulength=\count104
\Field@Width=\dimen140
\Fld@charsize=\dimen141
Package hyperref Info: Hyper figures OFF on input line 6295.
Package hyperref Info: Link nesting OFF on input line 6300.
Package hyperref Info: Hyper index ON on input line 6303.
Package hyperref Info: backreferencing OFF on input line 6310.
Package hyperref Info: Link coloring OFF on input line 6315.
Package hyperref Info: Link coloring with OCG OFF on input line 6320.
Package hyperref Info: PDF/A mode OFF on input line 6325.
LaTeX Info: Redefining \ref on input line 6365.
LaTeX Info: Redefining \pageref on input line 6369.
\Hy@abspage=\count105
\c@Item=\count106
\c@Hfootnote=\count107
)

Package hyperref Message: Driver (autodetected): hpdftex.

(/usr/share/texlive/texmf-dist/tex/latex/hyperref/hpdftex.def
File: hpdftex.def 2012/11/06 v6.83m Hyperref driver for pdfTeX
\Fld@listcount=\count108
\c@bookmark@seq@number=\count109

(/usr/share/texlive/texmf-dist/tex/latex/oberdiek/rerunfilecheck.sty
Package: rerunfilecheck 2011/04/15 v1.7 Rerun checks for auxiliary files (HO)
Package uniquecounter Info: New unique counter `rerunfilecheck' on input line 2
82.
)
\Hy@SectionHShift=\skip44
)
(/usr/share/texlive/texmf-dist/tex/latex/booktabs/booktabs.sty
Package: booktabs 2005/04/14 v1.61803 publication quality tables
\heavyrulewidth=\dimen142
\lightrulewidth=\dimen143
\cmidrulewidth=\dimen144
\belowrulesep=\dimen145
\belowbottomsep=\dimen146
\aboverulesep=\dimen147
\abovetopsep=\dimen148
\cmidrulesep=\dimen149
\cmidrulekern=\dimen150
\defaultaddspace=\dimen151
\@cmidla=\count110
\@cmidlb=\count111
\@aboverulesep=\dimen152
\@belowrulesep=\dimen153
\@thisruleclass=\count112
\@lastruleclass=\count113
\@thisrulewidth=\dimen154
)
(/usr/share/texlive/texmf-dist/tex/latex/makecell/makecell.sty
Package: makecell 2009/08/03 V0.1e Managing of Tab Column Heads and Cells

(/usr/share/texlive/texmf-dist/tex/latex/tools/array.sty
Package: array 2014/10/28 v2.4c Tabular extension package (FMi)
\col@sep=\dimen155
\extrarowheight=\dimen156
\NC@list=\toks17
\extratabsurround=\skip45
\backup@length=\skip46
)
\rotheadsize=\dimen157
\c@nlinenum=\count114
\TeXr@lab=\toks18
)
(/usr/share/texlive/texmf-dist/tex/latex/algorithms/algorithm.sty
Package: algorithm 2009/08/24 v0.1 Document Style `algorithm' - floating enviro
nment

(/usr/share/texlive/texmf-dist/tex/latex/float/float.sty
Package: float 2001/11/08 v1.3d Float enhancements (AL)
\c@float@type=\count115
\float@exts=\toks19
\float@box=\box29
\@float@everytoks=\toks20
\@floatcapt=\box30
)
(/usr/share/texlive/texmf-dist/tex/latex/base/ifthen.sty
Package: ifthen 2014/09/29 v1.1c Standard LaTeX ifthen package (DPC)
)
\@float@every@algorithm=\toks21
\c@algorithm=\count116
)
(/usr/share/texlive/texmf-dist/tex/latex/algorithmicx/algpseudocode.sty
Package: algpseudocode 

(/usr/share/texlive/texmf-dist/tex/latex/algorithmicx/algorithmicx.sty
Package: algorithmicx 2005/04/27 v1.2 Algorithmicx

Document Style algorithmicx 1.2 - a greatly improved `algorithmic' style
\c@ALG@line=\count117
\c@ALG@rem=\count118
\c@ALG@nested=\count119
\ALG@tlm=\skip47
\ALG@thistlm=\skip48
\c@ALG@Lnr=\count120
\c@ALG@blocknr=\count121
\c@ALG@storecount=\count122
\c@ALG@tmpcounter=\count123
\ALG@tmplength=\skip49
)
Document Style - pseudocode environments for use with the `algorithmicx' style
) (/usr/share/texlive/texmf-dist/tex/latex/varwidth/varwidth.sty
Package: varwidth 2009/03/30 ver 0.92;  Variable-width minipages
\@vwid@box=\box31
\sift@deathcycles=\count124
\@vwid@loff=\dimen158
\@vwid@roff=\dimen159
)
(/usr/share/texlive/texmf-dist/tex/latex/etex-pkg/etex.sty
Package: etex 2016/01/11 v2.6 eTeX basic definition package (PEB,DPC)
\et@xins=\count125
) (./defs.tex)
(/usr/share/texlive/texmf-dist/tex/latex/xcolor/xcolor.sty
Package: xcolor 2007/01/21 v2.11 LaTeX color extensions (UK)

(/usr/share/texlive/texmf-dist/tex/latex/latexconfig/color.cfg
File: color.cfg 2007/01/18 v1.5 color configuration of teTeX/TeXLive
)
Package xcolor Info: Driver file: pdftex.def on input line 225.
LaTeX Info: Redefining \color on input line 702.
Package xcolor Info: Model `cmy' substituted by `cmy0' on input line 1337.
Package xcolor Info: Model `hsb' substituted by `rgb' on input line 1341.
Package xcolor Info: Model `RGB' extended on input line 1353.
Package xcolor Info: Model `HTML' substituted by `rgb' on input line 1355.
Package xcolor Info: Model `Hsb' substituted by `hsb' on input line 1356.
Package xcolor Info: Model `tHsb' substituted by `hsb' on input line 1357.
Package xcolor Info: Model `HSB' substituted by `hsb' on input line 1358.
Package xcolor Info: Model `Gray' substituted by `gray' on input line 1359.
Package xcolor Info: Model `wave' substituted by `hsb' on input line 1360.
)
(/usr/share/texlive/texmf-dist/tex/latex/cite/cite.sty
LaTeX Info: Redefining \cite on input line 302.
LaTeX Info: Redefining \nocite on input line 332.
Package: cite 2015/02/27  v 5.5
)
(/usr/share/texlive/texmf-dist/tex/latex/amsmath/amsmath.sty
Package: amsmath 2016/03/03 v2.15a AMS math features
\@mathmargin=\skip50

For additional information on amsmath, use the `?' option.
(/usr/share/texlive/texmf-dist/tex/latex/amsmath/amstext.sty
Package: amstext 2000/06/29 v2.01 AMS text

(/usr/share/texlive/texmf-dist/tex/latex/amsmath/amsgen.sty
File: amsgen.sty 1999/11/30 v2.0 generic functions
\@emptytoks=\toks22
\ex@=\dimen160
))
(/usr/share/texlive/texmf-dist/tex/latex/amsmath/amsbsy.sty
Package: amsbsy 1999/11/29 v1.2d Bold Symbols
\pmbraise@=\dimen161
)
(/usr/share/texlive/texmf-dist/tex/latex/amsmath/amsopn.sty
Package: amsopn 1999/12/14 v2.01 operator names
)
\inf@bad=\count126
LaTeX Info: Redefining \frac on input line 199.
\uproot@=\count127
\leftroot@=\count128
LaTeX Info: Redefining \overline on input line 297.
\classnum@=\count129
\DOTSCASE@=\count130
LaTeX Info: Redefining \ldots on input line 394.
LaTeX Info: Redefining \dots on input line 397.
LaTeX Info: Redefining \cdots on input line 518.
\Mathstrutbox@=\box32
\strutbox@=\box33
\big@size=\dimen162
LaTeX Font Info:    Redeclaring font encoding OML on input line 630.
LaTeX Font Info:    Redeclaring font encoding OMS on input line 631.
\macc@depth=\count131
\c@MaxMatrixCols=\count132
\dotsspace@=\muskip11
\c@parentequation=\count133
\dspbrk@lvl=\count134
\tag@help=\toks23
\row@=\count135
\column@=\count136
\maxfields@=\count137
\andhelp@=\toks24
\eqnshift@=\dimen163
\alignsep@=\dimen164
\tagshift@=\dimen165
\tagwidth@=\dimen166
\totwidth@=\dimen167
\lineht@=\dimen168
\@envbody=\toks25
\multlinegap=\skip51
\multlinetaggap=\skip52
\mathdisplay@stack=\toks26
LaTeX Info: Redefining \[ on input line 2735.
LaTeX Info: Redefining \] on input line 2736.
)
(/usr/share/texlive/texmf-dist/tex/latex/amsfonts/amsfonts.sty
Package: amsfonts 2013/01/14 v3.01 Basic AMSFonts support
\symAMSa=\mathgroup4
\symAMSb=\mathgroup5
LaTeX Font Info:    Overwriting math alphabet `\mathfrak' in version `bold'
(Font)                  U/euf/m/n --> U/euf/b/n on input line 106.
)
(/usr/share/texlive/texmf-dist/tex/latex/mathtools/mathtools.sty
Package: mathtools 2015/11/12 v1.18 mathematical typesetting tools

(/usr/share/texlive/texmf-dist/tex/latex/tools/calc.sty
Package: calc 2014/10/28 v4.3 Infix arithmetic (KKT,FJ)
\calc@Acount=\count138
\calc@Bcount=\count139
\calc@Adimen=\dimen169
\calc@Bdimen=\dimen170
\calc@Askip=\skip53
\calc@Bskip=\skip54
LaTeX Info: Redefining \setlength on input line 80.
LaTeX Info: Redefining \addtolength on input line 81.
\calc@Ccount=\count140
\calc@Cskip=\skip55
)
(/usr/share/texlive/texmf-dist/tex/latex/mathtools/mhsetup.sty
Package: mhsetup 2010/01/21 v1.2a programming setup (MH)
)
LaTeX Info: Thecontrolsequence`\('isalreadyrobust on input line 129.
LaTeX Info: Thecontrolsequence`\)'isalreadyrobust on input line 129.
LaTeX Info: Thecontrolsequence`\['isalreadyrobust on input line 129.
LaTeX Info: Thecontrolsequence`\]'isalreadyrobust on input line 129.
\g_MT_multlinerow_int=\count141
\l_MT_multwidth_dim=\dimen171
\origjot=\skip56
\l_MT_shortvdotswithinadjustabove_dim=\dimen172
\l_MT_shortvdotswithinadjustbelow_dim=\dimen173
\l_MT_above_intertext_sep=\dimen174
\l_MT_below_intertext_sep=\dimen175
\l_MT_above_shortintertext_sep=\dimen176
\l_MT_below_shortintertext_sep=\dimen177
)
(/usr/share/texlive/texmf-dist/tex/latex/sttools/cuted.sty
Package: cuted 2012/10/04 v1.5 Mixing onecolumn and twocolumn modes
\At@ViperColsBreak=\toks27
\v@aaa=\box34
\v@ccc=\box35
\lastskip@a=\skip57
\lastskip@b=\skip58
\lastskip@d=\skip59
\lastbox@a=\box36
\stripsep=\skip60
\@viper=\box37
\viper@penalty=\count142
\hold@viper=\box38
\ht@viper=\dimen178
) (./main.aux)
\openout1 = `main.aux'.

LaTeX Font Info:    Checking defaults for OML/cmm/m/it on input line 380.
LaTeX Font Info:    ... okay on input line 380.
LaTeX Font Info:    Checking defaults for T1/cmr/m/n on input line 380.
LaTeX Font Info:    ... okay on input line 380.
LaTeX Font Info:    Checking defaults for OT1/cmr/m/n on input line 380.
LaTeX Font Info:    ... okay on input line 380.
LaTeX Font Info:    Checking defaults for OMS/cmsy/m/n on input line 380.
LaTeX Font Info:    ... okay on input line 380.
LaTeX Font Info:    Checking defaults for OMX/cmex/m/n on input line 380.
LaTeX Font Info:    ... okay on input line 380.
LaTeX Font Info:    Checking defaults for U/cmr/m/n on input line 380.
LaTeX Font Info:    ... okay on input line 380.
LaTeX Font Info:    Checking defaults for PD1/pdf/m/n on input line 380.
LaTeX Font Info:    ... okay on input line 380.

-- Lines per column: 61 (exact).
(/usr/share/texlive/texmf-dist/tex/context/base/supp-pdf.mkii
[Loading MPS to PDF converter (version 2006.09.02).]
\scratchcounter=\count143
\scratchdimen=\dimen179
\scratchbox=\box39
\nofMPsegments=\count144
\nofMParguments=\count145
\everyMPshowfont=\toks28
\MPscratchCnt=\count146
\MPscratchDim=\dimen180
\MPnumerator=\count147
\makeMPintoPDFobject=\count148
\everyMPtoPDFconversion=\toks29
) (/usr/share/texlive/texmf-dist/tex/latex/oberdiek/epstopdf-base.sty
Package: epstopdf-base 2010/02/09 v2.5 Base part for package epstopdf

(/usr/share/texlive/texmf-dist/tex/latex/oberdiek/grfext.sty
Package: grfext 2010/08/19 v1.1 Manage graphics extensions (HO)
)
Package grfext Info: Graphics extension search list:
(grfext)             [.png,.pdf,.jpg,.mps,.jpeg,.jbig2,.jb2,.PNG,.PDF,.JPG,.JPE
G,.JBIG2,.JB2,.eps]
(grfext)             \AppendGraphicsExtensions on input line 452.

(/usr/share/texlive/texmf-dist/tex/latex/latexconfig/epstopdf-sys.cfg
File: epstopdf-sys.cfg 2010/07/13 v1.3 Configuration of (r)epstopdf for TeX Liv
e
))
Package caption Info: Begin \AtBeginDocument code.
Package caption Info: float package is loaded.
Package caption Info: hyperref package is loaded.
Package caption Info: wrapfig package is loaded.
Package caption Info: End \AtBeginDocument code.
\AtBeginShipoutBox=\box40
Package hyperref Info: Link coloring OFF on input line 380.

(/usr/share/texlive/texmf-dist/tex/latex/hyperref/nameref.sty
Package: nameref 2012/10/27 v2.43 Cross-referencing by name of section

(/usr/share/texlive/texmf-dist/tex/generic/oberdiek/gettitlestring.sty
Package: gettitlestring 2010/12/03 v1.4 Cleanup title references (HO)
)
\c@section@level=\count149
)
LaTeX Info: Redefining \ref on input line 380.
LaTeX Info: Redefining \pageref on input line 380.
LaTeX Info: Redefining \nameref on input line 380.

(./main.out) (./main.out)
\@outlinefile=\write3
\openout3 = `main.out'.

LaTeX Font Info:    Try loading font information for OT1+phv on input line 491.


(/usr/share/texlive/texmf-dist/tex/latex/psnfss/ot1phv.fd
File: ot1phv.fd 2001/06/04 scalable font definitions for OT1/phv.
)
LaTeX Font Info:    Font shape `OT1/phv/bx/n' in size <8.03> not available
(Font)              Font shape `OT1/phv/b/n' tried instead on input line 491.
LaTeX Font Info:    Calculating math sizes for size <11.04124> on input line 49
1.
LaTeX Font Info:    Try loading font information for U+msa on input line 491.

(/usr/share/texlive/texmf-dist/tex/latex/amsfonts/umsa.fd
File: umsa.fd 2013/01/14 v3.01 AMS symbols A
)
LaTeX Font Info:    Try loading font information for U+msb on input line 491.

(/usr/share/texlive/texmf-dist/tex/latex/amsfonts/umsb.fd
File: umsb.fd 2013/01/14 v3.01 AMS symbols B
)
LaTeX Font Info:    Try loading font information for U+pzd on input line 491.

(/usr/share/texlive/texmf-dist/tex/latex/psnfss/upzd.fd
File: upzd.fd 2001/06/04 font definitions for U/pzd.
)
LaTeX Font Info:    Calculating math sizes for size <8.03> on input line 491.

<images_general/tile_row.png, id=136, 2509.375pt x 354.32375pt>
File: images_general/tile_row.png Graphic file (type png)

<use images_general/tile_row.png>
Package pdftex.def Info: images_general/tile_row.png used on input line 493.
(pdftex.def)             Requested size: 517.935pt x 73.12883pt.


Package caption Warning: The option `hypcap=true' will be ignored for this
(caption)                particular \caption on input line 496.
See the caption package documentation for explanation.


Underfull \hbox (badness 10000) in paragraph at lines 496--496

 []


Underfull \vbox (badness 10000) has occurred while \output is active []

Extra height:0.0pt when 18.76302pt

Underfull \vbox (badness 10000) has occurred while \output is active []

(2)Left:18.76302pt Right:0.0pt Output:18.76302pt
- LAST -
Left:18.76302pt
Right:0.0pt
Output:18.76302pt

Underfull \vbox (badness 10000) has occurred while \output is active []


(./intro.tex
LaTeX Font Info:    Font shape `OT1/phv/bx/n' in size <11.04124> not available
(Font)              Font shape `OT1/phv/b/n' tried instead on input line 1.
LaTeX Font Info:    Font shape `OT1/phv/bx/sc' in size <11.04124> not available

(Font)              Font shape `OT1/phv/b/sc' tried instead on input line 1.

Underfull \vbox (badness 10000) has occurred while \output is active []


Overfull \vbox (273.36519pt too high) has occurred while \output is active []

LaTeX Font Info:    Calculating math sizes for size <7.02625> on input line 11.


[1{/var/lib/texmf/fonts/map/pdftex/updmap/pdftex.map}


 <./images_general/tile_row.png>]
LaTeX Font Info:    Calculating math sizes for size <9.53561> on input line 32.


<images_general/overview_roughdraft.png, id=169, 1505.625pt x 942.52126pt>
File: images_general/overview_roughdraft.png Graphic file (type png)

<use images_general/overview_roughdraft.png>
Package pdftex.def Info: images_general/overview_roughdraft.png used on input l
ine 38.
(pdftex.def)             Requested size: 252.94499pt x 158.34248pt.
) (./related_work.tex [2 <./images_general/overview_roughdraft.png>]) (./prelim
inaries.tex)
(./video_prediction.tex
<images_general/prediction_model.pdf, id=253, 597.50786pt x 455.2441pt>
File: images_general/prediction_model.pdf Graphic file (type pdf)

<use images_general/prediction_model.pdf>
Package pdftex.def Info: images_general/prediction_model.pdf used on input line
 6.
(pdftex.def)             Requested size: 227.64894pt x 173.44606pt.
LaTeX Font Info:    Calculating math sizes for size <9.03374> on input line 7.

<images_sna/occlusionaware/architecture_2.pdf, id=259, 583.2815pt x 284.52756pt
>
File: images_sna/occlusionaware/architecture_2.pdf Graphic file (type pdf)
 <use images_sna/occlusionaware/architecture_2.pdf>
Package pdftex.def Info: images_sna/occlusionaware/architecture_2.pdf used on i
nput line 20.
(pdftex.def)             Requested size: 252.94499pt x 123.39076pt.
 [3 <./images_general/prediction_model.pdf>]) (./cost_functions.tex
LaTeX Font Info:    Font shape `OT1/phv/bx/n' in size <9.53561> not available
(Font)              Font shape `OT1/phv/b/n' tried instead on input line 6.
 [4 <./images_sna/occlusionaware/architecture_2.pdf>]
<images_rfr/registration_singletime.pdf, id=348, 376.40625pt x 239.89626pt>
File: images_rfr/registration_singletime.pdf Graphic file (type pdf)

<use images_rfr/registration_singletime.pdf>
Package pdftex.def Info: images_rfr/registration_singletime.pdf used on input l
ine 23.
(pdftex.def)             Requested size: 177.06071pt x 112.85008pt.

<images_rfr/registration_test_start.pdf, id=353, 221.82875pt x 122.4575pt>
File: images_rfr/registration_test_start.pdf Graphic file (type pdf)

<use images_rfr/registration_test_start.pdf>
Package pdftex.def Info: images_rfr/registration_test_start.pdf used on input l
ine 54.
(pdftex.def)             Requested size: 88.53229pt x 48.87187pt.

<images_rfr/registration_test_goal.pdf, id=354, 221.82875pt x 122.4575pt>
File: images_rfr/registration_test_goal.pdf Graphic file (type pdf)

<use images_rfr/registration_test_goal.pdf>
Package pdftex.def Info: images_rfr/registration_test_goal.pdf used on input li
ne 55.
(pdftex.def)             Requested size: 88.53229pt x 48.87187pt.

<images_rfr/registration_train.pdf, id=355, 390.45876pt x 229.85875pt>
File: images_rfr/registration_train.pdf Graphic file (type pdf)

<use images_rfr/registration_train.pdf>
Package pdftex.def Info: images_rfr/registration_train.pdf used on input line 6
1.
(pdftex.def)             Requested size: 139.12051pt x 75.81432pt.

<images_rfr/reg_over_time.png, id=357, 1806.75pt x 339.2675pt>
File: images_rfr/reg_over_time.png Graphic file (type png)

<use images_rfr/reg_over_time.png>
Package pdftex.def Info: images_rfr/reg_over_time.png used on input line 73.
(pdftex.def)             Requested size: 517.935pt x 97.2565pt.
 [5 <./images_rfr/registration_train.pdf> <./images_rfr/registration_singletime
.pdf> <./images_rfr/registration_test_start.pdf> <./images_rfr/registration_tes
t_goal.pdf>]
<images_cls/cls_fig_2.jpeg, id=447, 758.835pt x 324.21124pt>
File: images_cls/cls_fig_2.jpeg Graphic file (type jpg)

<use images_cls/cls_fig_2.jpeg>
Package pdftex.def Info: images_cls/cls_fig_2.jpeg used on input line 121.
(pdftex.def)             Requested size: 252.94499pt x 108.0685pt.
 [6 <./images_rfr/reg_over_time.png>]
Underfull \hbox (badness 10000) in paragraph at lines 131--132
[]\OT1/ppl/m/n/9.53561 We build upon model-agnostic meta-learning
 []


Underfull \hbox (badness 2617) in paragraph at lines 131--132
\OT1/ppl/m/n/9.53561 (MAML) [[]44[]], which learns ini-tial pa-ram-e-ters $\OML
/cmm/m/it/10 ^^R$ \OT1/ppl/m/n/9.53561 for
 []

) (./optimizer.tex
Package hyperref Info: bookmark level for unknown algorithm defaults to 0 on in
put line 4.

Overfull \hbox (0.97163pt too wide) in paragraph at lines 27--30
[] [] 
 []

[7 <./images_cls/cls_fig_2.jpeg>]) (./scaling_up.tex
<images_general/robot_setup_scheme.pdf, id=476, 1027.84pt x 770.88pt>
File: images_general/robot_setup_scheme.pdf Graphic file (type pdf)

<use images_general/robot_setup_scheme.pdf>
Package pdftex.def Info: images_general/robot_setup_scheme.pdf used on input li
ne 15.
(pdftex.def)             Requested size: 126.47249pt x 94.85414pt.
) (./experiments.tex [8 <./images_general/robot_setup_scheme.pdf>]
<images_cls/cls_results_3.jpeg, id=517, 935.495pt x 390.45876pt>
File: images_cls/cls_results_3.jpeg Graphic file (type jpg)

<use images_cls/cls_results_3.jpeg>
Package pdftex.def Info: images_cls/cls_results_3.jpeg used on input line 70.
(pdftex.def)             Requested size: 252.94499pt x 105.57422pt.
 [9 <./images_cls/cls_results_3.jpeg>]
<images_cls/cls_charts_2.jpeg, id=532, 673.51625pt x 271.0125pt>
File: images_cls/cls_charts_2.jpeg Graphic file (type jpg)

<use images_cls/cls_charts_2.jpeg>
Package pdftex.def Info: images_cls/cls_charts_2.jpeg used on input line 87.
(pdftex.def)             Requested size: 248.60658pt x 100.03734pt.

<images_general/2colfig.png, id=540, 3484.01625pt x 491.8375pt>
File: images_general/2colfig.png Graphic file (type png)

<use images_general/2colfig.png>
Package pdftex.def Info: images_general/2colfig.png used on input line 107.
(pdftex.def)             Requested size: 518.538pt x 73.19456pt.

Overfull \hbox (0.603pt too wide) in paragraph at lines 107--109
 [][] 
 []

[10 <./images_cls/cls_charts_2.jpeg>]) (./main.bbl
LaTeX Font Info:    Try loading font information for OMS+ppl on input line 70.

(/usr/share/texlive/texmf-dist/tex/latex/psnfss/omsppl.fd
File: omsppl.fd 
)
LaTeX Font Info:    Font shape `OMS/ppl/m/it' in size <8.03> not available
(Font)              Font shape `OMS/cmsy/m/n' tried instead on input line 70.
LaTeX Font Info:    Font shape `OMS/ppl/m/n' in size <8.03> not available
(Font)              Font shape `OMS/cmsy/m/n' tried instead on input line 70.
 [11 <./images_general/2colfig.png>]
Underfull \hbox (badness 2503) in paragraph at lines 146--149
[]\OT1/ppl/m/n/8.03 A. Zeng, S. Song, S. Welker, J. Lee, A. Ro-driguez, and
 []


Underfull \hbox (badness 2990) in paragraph at lines 146--149
\OT1/ppl/m/n/8.03 T. Funkhouser, ``Learn-ing syn-er-gies be-tween push-ing and
 []


Underfull \hbox (badness 1603) in paragraph at lines 146--149
\OT1/ppl/m/n/8.03 grasp-ing with self-supervised deep re-in-force-ment learn-in
g,''
 []


Underfull \hbox (badness 1590) in paragraph at lines 151--154
[]\OT1/ppl/m/n/8.03 G. Kahn, A. Vil-laflor, V. Pong, P. Abbeel, and S. Levine,
 []


Underfull \hbox (badness 3954) in paragraph at lines 189--191
\OT1/ppl/m/n/8.03 ``Learn-ing plannable rep-re-sen-ta-tions with causal in-fo-g
an,''
 []


Underfull \vbox (badness 1072) has occurred while \output is active []

)
(./appendix.tex [12]
<images_sna/occlusionaware/img_desigpixb0.png, id=579, 100.375pt x 100.375pt>
File: images_sna/occlusionaware/img_desigpixb0.png Graphic file (type png)

<use images_sna/occlusionaware/img_desigpixb0.png>
Package pdftex.def Info: images_sna/occlusionaware/img_desigpixb0.png used on i
nput line 14.
(pdftex.def)             Requested size: 93.58841pt x 93.59436pt.

Underfull \hbox (badness 2626) in paragraph at lines 19--20
[][]\OT1/ppl/m/n/9.53561 We pro-vide an ex-am-ple of
 []


Underfull \hbox (badness 1694) in paragraph at lines 19--20
\OT1/ppl/m/n/9.53561 the skip con-nec-tion neu-ral ad-
 []


<images_sna/occlusionaware/cdna_1ststep_bckgd_gen_pixb0_overtime.png, id=584, 5
13.92pt x 128.48pt>
File: images_sna/occlusionaware/cdna_1ststep_bckgd_gen_pixb0_overtime.png Graph
ic file (type png)

<use images_sna/occlusionaware/cdna_1ststep_bckgd_gen_pixb0_overtime.png>
Package pdftex.def Info: images_sna/occlusionaware/cdna_1ststep_bckgd_gen_pixb0
_overtime.png used on input line 25.
(pdftex.def)             Requested size: 227.64894pt x 56.91168pt.

<images_sna/occlusionaware/orig_dna_gen_pixb0_overtime.png, id=585, 514.92375pt
 x 128.48pt>
File: images_sna/occlusionaware/orig_dna_gen_pixb0_overtime.png Graphic file (t
ype png)
 <use images_sna/occlusionaware/orig_dna_gen_pixb0_overtime.png>
Package pdftex.def Info: images_sna/occlusionaware/orig_dna_gen_pixb0_overtime.
png used on input line 31.
(pdftex.def)             Requested size: 227.64894pt x 56.79994pt.

<images_rfr/push_correction.pdf, id=590, 995.84645pt x 85.35826pt>
File: images_rfr/push_correction.pdf Graphic file (type pdf)

<use images_rfr/push_correction.pdf>
Package pdftex.def Info: images_rfr/push_correction.pdf used on input line 47.
(pdftex.def)             Requested size: 517.935pt x 44.39566pt.

<images_rfr/pick_place_plush.pdf, id=591, 995.84645pt x 85.35826pt>
File: images_rfr/pick_place_plush.pdf Graphic file (type pdf)

<use images_rfr/pick_place_plush.pdf>
Package pdftex.def Info: images_rfr/pick_place_plush.pdf used on input line 54.

(pdftex.def)             Requested size: 517.935pt x 44.39566pt.

<images_sna/multiobject_qualitative/avoid_obstacle.pdf, id=592, 1280.37404pt x 
227.62204pt>
File: images_sna/multiobject_qualitative/avoid_obstacle.pdf Graphic file (type 
pdf)
 <use images_sna/multiobject_qualitative/avoid_obstacle.pdf>
Package pdftex.def Info: images_sna/multiobject_qualitative/avoid_obstacle.pdf 
used on input line 61.
(pdftex.def)             Requested size: 517.935pt x 92.07874pt.

[13 <./images_sna/occlusionaware/img_desigpixb0.png> <./images_sna/occlusionawa
re/cdna_1ststep_bckgd_gen_pixb0_overtime.png> <./images_sna/occlusionaware/orig
_dna_gen_pixb0_overtime.png>])
Package atveryend Info: Empty hook `BeforeClearDocument' on input line 683.
 [14 <./images_rfr/push_correction.pdf> <./images_rfr/pick_place_plush.pdf

pdfTeX warning: /usr/bin/pdflatex (file ./images_rfr/pick_place_plush.pdf): PDF
 inclusion: multiple pdfs with page group included in a single page
> <./images_sna/multiobject_qualitative/avoid_obstacle.pdf

pdfTeX warning: /usr/bin/pdflatex (file ./images_sna/multiobject_qualitative/av
oid_obstacle.pdf): PDF inclusion: multiple pdfs with page group included in a s
ingle page
>]
Package atveryend Info: Empty hook `AfterLastShipout' on input line 683.
 (./main.aux)
Package atveryend Info: Executing hook `AtVeryEndDocument' on input line 683.


 *File List*
IEEEtran.cls    2015/08/26 V1.8b by Michael Shell
  ot1ppl.fd    2001/06/04 font definitions for OT1/ppl.
   color.sty    1999/02/16
   color.cfg    2007/01/18 v1.5 color configuration of teTeX/TeXLive
  pdftex.def    2011/05/27 v0.06d Graphics/color for pdfTeX
infwarerr.sty    2010/04/08 v1.3 Providing info/warning/error messages (HO)
 ltxcmds.sty    2011/11/09 v1.22 LaTeX kernel commands for general use (HO)
   babel.sty    2016/02/24 3.9q The Babel package
 english.ldf    2012/08/20 v3.3p English support from the babel system
graphicx.sty    2014/10/28 v1.0g Enhanced LaTeX Graphics (DPC,SPQR)
  keyval.sty    2014/10/28 v1.15 key=value parser (DPC)
graphics.sty    2016/01/03 v1.0q Standard LaTeX Graphics (DPC,SPQR)
    trig.sty    2016/01/03 v1.10 sin cos tan (DPC)
graphics.cfg    2010/04/23 v1.9 graphics configuration of TeX Live
 caption.sty    2016/02/21 v3.3-144 Customizing captions (AR)
caption3.sty    2016/02/04 v1.7-139 caption3 kernel (AR)
subcaption.sty    2016/02/20 v1.1-142 Sub-captions (AR)
 wrapfig.sty    2003/01/31  v 3.6
hyperref.sty    2012/11/06 v6.83m Hypertext links for LaTeX
hobsub-hyperref.sty    2012/05/28 v1.13 Bundle oberdiek, subset hyperref (HO)
hobsub-generic.sty    2012/05/28 v1.13 Bundle oberdiek, subset generic (HO)
  hobsub.sty    2012/05/28 v1.13 Construct package bundles (HO)
ifluatex.sty    2010/03/01 v1.3 Provides the ifluatex switch (HO)
  ifvtex.sty    2010/03/01 v1.5 Detect VTeX and its facilities (HO)
 intcalc.sty    2007/09/27 v1.1 Expandable calculations with integers (HO)
   ifpdf.sty    2011/01/30 v2.3 Provides the ifpdf switch (HO)
etexcmds.sty    2011/02/16 v1.5 Avoid name clashes with e-TeX commands (HO)
kvsetkeys.sty    2012/04/25 v1.16 Key value parser (HO)
kvdefinekeys.sty    2011/04/07 v1.3 Define keys (HO)
pdftexcmds.sty    2011/11/29 v0.20 Utility functions of pdfTeX for LuaTeX (HO)
pdfescape.sty    2011/11/25 v1.13 Implements pdfTeX's escape features (HO)
bigintcalc.sty    2012/04/08 v1.3 Expandable calculations on big integers (HO)
  bitset.sty    2011/01/30 v1.1 Handle bit-vector datatype (HO)
uniquecounter.sty    2011/01/30 v1.2 Provide unlimited unique counter (HO)
letltxmacro.sty    2010/09/02 v1.4 Let assignment for LaTeX macros (HO)
 hopatch.sty    2012/05/28 v1.2 Wrapper for package hooks (HO)
xcolor-patch.sty    2011/01/30 xcolor patch
atveryend.sty    2011/06/30 v1.8 Hooks at the very end of document (HO)
atbegshi.sty    2011/10/05 v1.16 At begin shipout hook (HO)
refcount.sty    2011/10/16 v3.4 Data extraction from label references (HO)
 hycolor.sty    2011/01/30 v1.7 Color options for hyperref/bookmark (HO)
 ifxetex.sty    2010/09/12 v0.6 Provides ifxetex conditional
 auxhook.sty    2011/03/04 v1.3 Hooks for auxiliary files (HO)
kvoptions.sty    2011/06/30 v3.11 Key value format for package options (HO)
  pd1enc.def    2012/11/06 v6.83m Hyperref: PDFDocEncoding definition (HO)
hyperref.cfg    2002/06/06 v1.2 hyperref configuration of TeXLive
     url.sty    2013/09/16  ver 3.4  Verb mode for urls, etc.
 hpdftex.def    2012/11/06 v6.83m Hyperref driver for pdfTeX
rerunfilecheck.sty    2011/04/15 v1.7 Rerun checks for auxiliary files (HO)
booktabs.sty    2005/04/14 v1.61803 publication quality tables
makecell.sty    2009/08/03 V0.1e Managing of Tab Column Heads and Cells
   array.sty    2014/10/28 v2.4c Tabular extension package (FMi)
algorithm.sty    2009/08/24 v0.1 Document Style `algorithm' - floating environm
ent
   float.sty    2001/11/08 v1.3d Float enhancements (AL)
  ifthen.sty    2014/09/29 v1.1c Standard LaTeX ifthen package (DPC)
algpseudocode.sty    
algorithmicx.sty    2005/04/27 v1.2 Algorithmicx
varwidth.sty    2009/03/30 ver 0.92;  Variable-width minipages
    etex.sty    2016/01/11 v2.6 eTeX basic definition package (PEB,DPC)
    defs.tex
  xcolor.sty    2007/01/21 v2.11 LaTeX color extensions (UK)
   color.cfg    2007/01/18 v1.5 color configuration of teTeX/TeXLive
    cite.sty    2015/02/27  v 5.5
 amsmath.sty    2016/03/03 v2.15a AMS math features
 amstext.sty    2000/06/29 v2.01 AMS text
  amsgen.sty    1999/11/30 v2.0 generic functions
  amsbsy.sty    1999/11/29 v1.2d Bold Symbols
  amsopn.sty    1999/12/14 v2.01 operator names
amsfonts.sty    2013/01/14 v3.01 Basic AMSFonts support
mathtools.sty    2015/11/12 v1.18 mathematical typesetting tools
    calc.sty    2014/10/28 v4.3 Infix arithmetic (KKT,FJ)
 mhsetup.sty    2010/01/21 v1.2a programming setup (MH)
   cuted.sty    2012/10/04 v1.5 Mixing onecolumn and twocolumn modes
supp-pdf.mkii
epstopdf-base.sty    2010/02/09 v2.5 Base part for package epstopdf
  grfext.sty    2010/08/19 v1.1 Manage graphics extensions (HO)
epstopdf-sys.cfg    2010/07/13 v1.3 Configuration of (r)epstopdf for TeX Live
 nameref.sty    2012/10/27 v2.43 Cross-referencing by name of section
gettitlestring.sty    2010/12/03 v1.4 Cleanup title references (HO)
    main.out
    main.out
  ot1phv.fd    2001/06/04 scalable font definitions for OT1/phv.
    umsa.fd    2013/01/14 v3.01 AMS symbols A
    umsb.fd    2013/01/14 v3.01 AMS symbols B
    upzd.fd    2001/06/04 font definitions for U/pzd.
images_general/tile_row.png
   intro.tex
images_general/overview_roughdraft.png
related_work.tex
preliminaries.tex
video_prediction.tex
images_general/prediction_model.pdf
images_sna/occlusionaware/architecture_2.pdf
cost_functions.tex
images_rfr/registration_singletime.pdf
images_rfr/registration_test_start.pdf
images_rfr/registration_test_goal.pdf
images_rfr/registration_train.pdf
images_rfr/reg_over_time.png
images_cls/cls_fig_2.jpeg
optimizer.tex
scaling_up.tex
images_general/robot_setup_scheme.pdf
experiments.tex
images_cls/cls_results_3.jpeg
images_cls/cls_charts_2.jpeg
images_general/2colfig.png
    main.bbl
  omsppl.fd    
appendix.tex
images_sna/occlusionaware/img_desigpixb0.png
images_sna/occlusionaware/cdna_1ststep_bckgd_gen_pixb0_overtime.png
images_sna/occlusionaware/orig_dna_gen_pixb0_overtime.png
images_rfr/push_correction.pdf
images_rfr/pick_place_plush.pdf
images_sna/multiobject_qualitative/avoid_obstacle.pdf
 ***********

Package atveryend Info: Executing hook `AtEndAfterFileList' on input line 683.
Package rerunfilecheck Info: File `main.out' has not changed.
(rerunfilecheck)             Checksum: 837085B6B466950DB62702A302C05125;2295.
Package atveryend Info: Empty hook `AtVeryVeryEnd' on input line 683.
 ) 
Here is how much of TeX's memory you used:
 10887 strings out of 493029
 168235 string characters out of 6136234
 288672 words of memory out of 5000000
 14039 multiletter control sequences out of 15000+600000
 60351 words of font info for 152 fonts, out of 8000000 for 9000
 1144 hyphenation exceptions out of 8191
 36i,17n,42p,1460b,492s stack positions out of 5000i,500n,10000p,200000b,80000s
{/usr/share/texlive/texmf-dist/fonts/enc/dvips/base/8r.enc}</usr/share/texliv
e/texmf-dist/fonts/type1/public/amsfonts/cm/cmbx10.pfb></usr/share/texlive/texm
f-dist/fonts/type1/public/amsfonts/cm/cmbx7.pfb></usr/share/texlive/texmf-dist/
fonts/type1/public/amsfonts/cm/cmex10.pfb></usr/share/texlive/texmf-dist/fonts/
type1/public/amsfonts/cm/cmmi10.pfb></usr/share/texlive/texmf-dist/fonts/type1/
public/amsfonts/cm/cmmi5.pfb></usr/share/texlive/texmf-dist/fonts/type1/public/
amsfonts/cm/cmmi6.pfb></usr/share/texlive/texmf-dist/fonts/type1/public/amsfont
s/cm/cmmi7.pfb></usr/share/texlive/texmf-dist/fonts/type1/public/amsfonts/cm/cm
mi8.pfb></usr/share/texlive/texmf-dist/fonts/type1/public/amsfonts/cm/cmmi9.pfb
></usr/share/texlive/texmf-dist/fonts/type1/public/amsfonts/cm/cmr10.pfb></usr/
share/texlive/texmf-dist/fonts/type1/public/amsfonts/cm/cmr5.pfb></usr/share/te
xlive/texmf-dist/fonts/type1/public/amsfonts/cm/cmr6.pfb></usr/share/texlive/te
xmf-dist/fonts/type1/public/amsfonts/cm/cmr7.pfb></usr/share/texlive/texmf-dist
/fonts/type1/public/amsfonts/cm/cmr8.pfb></usr/share/texlive/texmf-dist/fonts/t
ype1/public/amsfonts/cm/cmr9.pfb></usr/share/texlive/texmf-dist/fonts/type1/pub
lic/amsfonts/cm/cmsy10.pfb></usr/share/texlive/texmf-dist/fonts/type1/public/am
sfonts/cm/cmsy6.pfb></usr/share/texlive/texmf-dist/fonts/type1/public/amsfonts/
cm/cmsy7.pfb></usr/share/texlive/texmf-dist/fonts/type1/public/amsfonts/cm/cmsy
8.pfb></usr/share/texlive/texmf-dist/fonts/type1/public/amsfonts/cm/cmsy9.pfb><
/usr/share/texlive/texmf-dist/fonts/type1/public/amsfonts/symbols/msbm10.pfb></
usr/share/texlive/texmf-dist/fonts/type1/urw/helvetic/uhvb8a.pfb></usr/share/te
xlive/texmf-dist/fonts/type1/urw/helvetic/uhvr8a.pfb></usr/share/texlive/texmf-
dist/fonts/type1/urw/palatino/uplb8a.pfb></usr/share/texlive/texmf-dist/fonts/t
ype1/urw/palatino/uplr8a.pfb></usr/share/texlive/texmf-dist/fonts/type1/urw/pal
atino/uplri8a.pfb></usr/share/texlive/texmf-dist/fonts/type1/urw/zapfding/uzdr.
pfb>
Output written on main.pdf (14 pages, 9118192 bytes).
PDF statistics:
 763 PDF objects out of 1000 (max. 8388607)
 639 compressed objects within 7 object streams
 144 named destinations out of 1000 (max. 500000)
 377 words of extra memory for PDF output out of 10000 (max. 10000000)

